# JRE version: Java(TM) SE Runtime Environment (8.0_131-b11) (build 1.8.0_131-b11)
# Java VM: Java HotSpot(TM) Client VM (25.131-b11 mixed mode, sharing windows-x86 )
Heap:
 def new generation   total 4928K, used 4282K [0x04600000, 0x04b50000, 0x09b50000)
  eden space 4416K,  96% used [0x04600000, 0x04a24e80, 0x04a50000)
  from space 512K,   7% used [0x04ad0000, 0x04ad99e0, 0x04b50000)
  to   space 512K,   0% used [0x04a50000, 0x04a50000, 0x04ad0000)
 tenured generation   total 10944K, used 2042K [0x09b50000, 0x0a600000, 0x14600000)
   the space 10944K,  18% used [0x09b50000, 0x09d4e9f8, 0x09d4ea00, 0x0a600000)
 Metaspace       used 1354K, capacity 3214K, committed 3264K, reserved 4480K
GC Heap History (10 events):
Event: 74.967 GC heap before
{Heap before GC invocations=322 (full 0):
 def new generation   total 4928K, used 4438K [0x04600000, 0x04b50000, 0x09b50000)
  eden space 4416K, 100% used [0x04600000, 0x04a50000, 0x04a50000)
  from space 512K,   4% used [0x04a50000, 0x04a55880, 0x04ad0000)
  to   space 512K,   0% used [0x04ad0000, 0x04ad0000, 0x04b50000)
 tenured generation   total 10944K, used 2032K [0x09b50000, 0x0a600000, 0x14600000)
   the space 10944K,  18% used [0x09b50000, 0x09d4c2d0, 0x09d4c400, 0x0a600000)
 Metaspace       used 1341K, capacity 3214K, committed 3264K, reserved 4480K
Event: 74.969 GC heap after
Heap after GC invocations=323 (full 0):
 def new generation   total 4928K, used 21K [0x04600000, 0x04b50000, 0x09b50000)
  eden space 4416K,   0% used [0x04600000, 0x04600000, 0x04a50000)
  from space 512K,   4% used [0x04ad0000, 0x04ad5620, 0x04b50000)
  to   space 512K,   0% used [0x04a50000, 0x04a50000, 0x04ad0000)
 tenured generation   total 10944K, used 2033K [0x09b50000, 0x0a600000, 0x14600000)
   the space 10944K,  18% used [0x09b50000, 0x09d4c508, 0x09d4c600, 0x0a600000)
 Metaspace       used 1341K, capacity 3214K, committed 3264K, reserved 4480K
}
Event: 75.214 GC heap before
{Heap before GC invocations=323 (full 0):
 def new generation   total 4928K, used 4437K [0x04600000, 0x04b50000, 0x09b50000)
  eden space 4416K, 100% used [0x04600000, 0x04a50000, 0x04a50000)
  from space 512K,   4% used [0x04ad0000, 0x04ad5620, 0x04b50000)
  to   space 512K,   0% used [0x04a50000, 0x04a50000, 0x04ad0000)
 tenured generation   total 10944K, used 2033K [0x09b50000, 0x0a600000, 0x14600000)
   the space 10944K,  18% used [0x09b50000, 0x09d4c508, 0x09d4c600, 0x0a600000)
 Metaspace       used 1341K, capacity 3214K, committed 3264K, reserved 4480K
Event: 75.215 GC heap after
Heap after GC invocations=324 (full 0):
 def new generation   total 4928K, used 21K [0x04600000, 0x04b50000, 0x09b50000)
  eden space 4416K,   0% used [0x04600000, 0x04600000, 0x04a50000)
  from space 512K,   4% used [0x04a50000, 0x04a55630, 0x04ad0000)
  to   space 512K,   0% used [0x04ad0000, 0x04ad0000, 0x04b50000)
 tenured generation   total 10944K, used 2033K [0x09b50000, 0x0a600000, 0x14600000)
   the space 10944K,  18% used [0x09b50000, 0x09d4c508, 0x09d4c600, 0x0a600000)
 Metaspace       used 1341K, capacity 3214K, committed 3264K, reserved 4480K
}
Event: 75.441 GC heap before
{Heap before GC invocations=324 (full 0):
 def new generation   total 4928K, used 4437K [0x04600000, 0x04b50000, 0x09b50000)
  eden space 4416K, 100% used [0x04600000, 0x04a50000, 0x04a50000)
  from space 512K,   4% used [0x04a50000, 0x04a55630, 0x04ad0000)
  to   space 512K,   0% used [0x04ad0000, 0x04ad0000, 0x04b50000)
 tenured generation   total 10944K, used 2033K [0x09b50000, 0x0a600000, 0x14600000)
   the space 10944K,  18% used [0x09b50000, 0x09d4c508, 0x09d4c600, 0x0a600000)
 Metaspace       used 1341K, capacity 3214K, committed 3264K, reserved 4480K
Event: 75.442 GC heap after
Heap after GC invocations=325 (full 0):
 def new generation   total 4928K, used 15K [0x04600000, 0x04b50000, 0x09b50000)
  eden space 4416K,   0% used [0x04600000, 0x04600000, 0x04a50000)
  from space 512K,   3% used [0x04ad0000, 0x04ad3f58, 0x04b50000)
  to   space 512K,   0% used [0x04a50000, 0x04a50000, 0x04ad0000)
 tenured generation   total 10944K, used 2038K [0x09b50000, 0x0a600000, 0x14600000)
   the space 10944K,  18% used [0x09b50000, 0x09d4dbf8, 0x09d4dc00, 0x0a600000)
 Metaspace       used 1341K, capacity 3214K, committed 3264K, reserved 4480K
}
Event: 79.068 GC heap before
{Heap before GC invocations=325 (full 0):
 def new generation   total 4928K, used 4431K [0x04600000, 0x04b50000, 0x09b50000)
  eden space 4416K, 100% used [0x04600000, 0x04a50000, 0x04a50000)
  from space 512K,   3% used [0x04ad0000, 0x04ad3f58, 0x04b50000)
  to   space 512K,   0% used [0x04a50000, 0x04a50000, 0x04ad0000)
 tenured generation   total 10944K, used 2038K [0x09b50000, 0x0a600000, 0x14600000)
   the space 10944K,  18% used [0x09b50000, 0x09d4dbf8, 0x09d4dc00, 0x0a600000)
 Metaspace       used 1352K, capacity 3214K, committed 3264K, reserved 4480K
Event: 79.069 GC heap after
Heap after GC invocations=326 (full 0):
 def new generation   total 4928K, used 13K [0x04600000, 0x04b50000, 0x09b50000)
  eden space 4416K,   0% used [0x04600000, 0x04600000, 0x04a50000)
  from space 512K,   2% used [0x04a50000, 0x04a53698, 0x04ad0000)
  to   space 512K,   0% used [0x04ad0000, 0x04ad0000, 0x04b50000)
 tenured generation   total 10944K, used 2041K [0x09b50000, 0x0a600000, 0x14600000)
   the space 10944K,  18% used [0x09b50000, 0x09d4e6e8, 0x09d4e800, 0x0a600000)
 Metaspace       used 1352K, capacity 3214K, committed 3264K, reserved 4480K
}
Event: 147.242 GC heap before
{Heap before GC invocations=326 (full 0):
 def new generation   total 4928K, used 4429K [0x04600000, 0x04b50000, 0x09b50000)
  eden space 4416K, 100% used [0x04600000, 0x04a50000, 0x04a50000)
  from space 512K,   2% used [0x04a50000, 0x04a53698, 0x04ad0000)
  to   space 512K,   0% used [0x04ad0000, 0x04ad0000, 0x04b50000)
 tenured generation   total 10944K, used 2041K [0x09b50000, 0x0a600000, 0x14600000)
   the space 10944K,  18% used [0x09b50000, 0x09d4e6e8, 0x09d4e800, 0x0a600000)
 Metaspace       used 1353K, capacity 3214K, committed 3264K, reserved 4480K
Event: 147.244 GC heap after
Heap after GC invocations=327 (full 0):
 def new generation   total 4928K, used 38K [0x04600000, 0x04b50000, 0x09b50000)
  eden space 4416K,   0% used [0x04600000, 0x04600000, 0x04a50000)
  from space 512K,   7% used [0x04ad0000, 0x04ad99e0, 0x04b50000)
  to   space 512K,   0% used [0x04a50000, 0x04a50000, 0x04ad0000)
 tenured generation   total 10944K, used 2042K [0x09b50000, 0x0a600000, 0x14600000)
   the space 10944K,  18% used [0x09b50000, 0x09d4e9f8, 0x09d4ea00, 0x0a600000)
 Metaspace       used 1353K, capacity 3214K, committed 3264K, reserved 4480K
}

