# JRE version: Java(TM) SE Runtime Environment (8.0_131-b11) (build 1.8.0_131-b11)
# Java VM: Java HotSpot(TM) Client VM (25.131-b11 mixed mode, sharing windows-x86 )
Heap:
 def new generation   total 4928K, used 60K [0x04400000, 0x04950000, 0x09950000)
  eden space 4416K,   1% used [0x04400000, 0x0440d9d0, 0x04850000)
  from space 512K,   1% used [0x04850000, 0x048518d8, 0x048d0000)
  to   space 512K,   0% used [0x048d0000, 0x048d0000, 0x04950000)
 tenured generation   total 10944K, used 1094K [0x09950000, 0x0a400000, 0x14400000)
   the space 10944K,   9% used [0x09950000, 0x09a61800, 0x09a61800, 0x0a400000)
 Metaspace       used 1256K, capacity 3118K, committed 3136K, reserved 4480K
GC Heap History (10 events):
Event: 14.396 GC heap before
{Heap before GC invocations=25 (full 0):
 def new generation   total 4928K, used 4429K [0x04400000, 0x04950000, 0x09950000)
  eden space 4416K, 100% used [0x04400000, 0x04850000, 0x04850000)
  from space 512K,   2% used [0x048d0000, 0x048d3460, 0x04950000)
  to   space 512K,   0% used [0x04850000, 0x04850000, 0x048d0000)
 tenured generation   total 10944K, used 1084K [0x09950000, 0x0a400000, 0x14400000)
   the space 10944K,   9% used [0x09950000, 0x09a5f090, 0x09a5f200, 0x0a400000)
 Metaspace       used 1244K, capacity 3118K, committed 3136K, reserved 4480K
Event: 14.397 GC heap after
Heap after GC invocations=26 (full 0):
 def new generation   total 4928K, used 11K [0x04400000, 0x04950000, 0x09950000)
  eden space 4416K,   0% used [0x04400000, 0x04400000, 0x04850000)
  from space 512K,   2% used [0x04850000, 0x04852d40, 0x048d0000)
  to   space 512K,   0% used [0x048d0000, 0x048d0000, 0x04950000)
 tenured generation   total 10944K, used 1086K [0x09950000, 0x0a400000, 0x14400000)
   the space 10944K,   9% used [0x09950000, 0x09a5f8b8, 0x09a5fa00, 0x0a400000)
 Metaspace       used 1244K, capacity 3118K, committed 3136K, reserved 4480K
}
Event: 15.221 GC heap before
{Heap before GC invocations=26 (full 0):
 def new generation   total 4928K, used 4427K [0x04400000, 0x04950000, 0x09950000)
  eden space 4416K, 100% used [0x04400000, 0x04850000, 0x04850000)
  from space 512K,   2% used [0x04850000, 0x04852d40, 0x048d0000)
  to   space 512K,   0% used [0x048d0000, 0x048d0000, 0x04950000)
 tenured generation   total 10944K, used 1086K [0x09950000, 0x0a400000, 0x14400000)
   the space 10944K,   9% used [0x09950000, 0x09a5f8b8, 0x09a5fa00, 0x0a400000)
 Metaspace       used 1244K, capacity 3118K, committed 3136K, reserved 4480K
Event: 15.222 GC heap after
Heap after GC invocations=27 (full 0):
 def new generation   total 4928K, used 7K [0x04400000, 0x04950000, 0x09950000)
  eden space 4416K,   0% used [0x04400000, 0x04400000, 0x04850000)
  from space 512K,   1% used [0x048d0000, 0x048d1ee8, 0x04950000)
  to   space 512K,   0% used [0x04850000, 0x04850000, 0x048d0000)
 tenured generation   total 10944K, used 1090K [0x09950000, 0x0a400000, 0x14400000)
   the space 10944K,   9% used [0x09950000, 0x09a609b8, 0x09a60a00, 0x0a400000)
 Metaspace       used 1244K, capacity 3118K, committed 3136K, reserved 4480K
}
Event: 16.447 GC heap before
{Heap before GC invocations=27 (full 0):
 def new generation   total 4928K, used 4423K [0x04400000, 0x04950000, 0x09950000)
  eden space 4416K, 100% used [0x04400000, 0x04850000, 0x04850000)
  from space 512K,   1% used [0x048d0000, 0x048d1ee8, 0x04950000)
  to   space 512K,   0% used [0x04850000, 0x04850000, 0x048d0000)
 tenured generation   total 10944K, used 1090K [0x09950000, 0x0a400000, 0x14400000)
   the space 10944K,   9% used [0x09950000, 0x09a609b8, 0x09a60a00, 0x0a400000)
 Metaspace       used 1244K, capacity 3118K, committed 3136K, reserved 4480K
Event: 16.448 GC heap after
Heap after GC invocations=28 (full 0):
 def new generation   total 4928K, used 5K [0x04400000, 0x04950000, 0x09950000)
  eden space 4416K,   0% used [0x04400000, 0x04400000, 0x04850000)
  from space 512K,   1% used [0x04850000, 0x048514c0, 0x048d0000)
  to   space 512K,   0% used [0x048d0000, 0x048d0000, 0x04950000)
 tenured generation   total 10944K, used 1093K [0x09950000, 0x0a400000, 0x14400000)
   the space 10944K,   9% used [0x09950000, 0x09a61440, 0x09a61600, 0x0a400000)
 Metaspace       used 1244K, capacity 3118K, committed 3136K, reserved 4480K
}
Event: 17.628 GC heap before
{Heap before GC invocations=28 (full 0):
 def new generation   total 4928K, used 4421K [0x04400000, 0x04950000, 0x09950000)
  eden space 4416K, 100% used [0x04400000, 0x04850000, 0x04850000)
  from space 512K,   1% used [0x04850000, 0x048514c0, 0x048d0000)
  to   space 512K,   0% used [0x048d0000, 0x048d0000, 0x04950000)
 tenured generation   total 10944K, used 1093K [0x09950000, 0x0a400000, 0x14400000)
   the space 10944K,   9% used [0x09950000, 0x09a61440, 0x09a61600, 0x0a400000)
 Metaspace       used 1244K, capacity 3118K, committed 3136K, reserved 4480K
Event: 17.628 GC heap after
Heap after GC invocations=29 (full 0):
 def new generation   total 4928K, used 4K [0x04400000, 0x04950000, 0x09950000)
  eden space 4416K,   0% used [0x04400000, 0x04400000, 0x04850000)
  from space 512K,   0% used [0x048d0000, 0x048d1260, 0x04950000)
  to   space 512K,   0% used [0x04850000, 0x04850000, 0x048d0000)
 tenured generation   total 10944K, used 1093K [0x09950000, 0x0a400000, 0x14400000)
   the space 10944K,   9% used [0x09950000, 0x09a61760, 0x09a61800, 0x0a400000)
 Metaspace       used 1244K, capacity 3118K, committed 3136K, reserved 4480K
}
Event: 115.117 GC heap before
{Heap before GC invocations=29 (full 0):
 def new generation   total 4928K, used 4420K [0x04400000, 0x04950000, 0x09950000)
  eden space 4416K, 100% used [0x04400000, 0x04850000, 0x04850000)
  from space 512K,   0% used [0x048d0000, 0x048d1260, 0x04950000)
  to   space 512K,   0% used [0x04850000, 0x04850000, 0x048d0000)
 tenured generation   total 10944K, used 1093K [0x09950000, 0x0a400000, 0x14400000)
   the space 10944K,   9% used [0x09950000, 0x09a61760, 0x09a61800, 0x0a400000)
 Metaspace       used 1256K, capacity 3118K, committed 3136K, reserved 4480K
Event: 115.118 GC heap after
Heap after GC invocations=30 (full 0):
 def new generation   total 4928K, used 6K [0x04400000, 0x04950000, 0x09950000)
  eden space 4416K,   0% used [0x04400000, 0x04400000, 0x04850000)
  from space 512K,   1% used [0x04850000, 0x048518d8, 0x048d0000)
  to   space 512K,   0% used [0x048d0000, 0x048d0000, 0x04950000)
 tenured generation   total 10944K, used 1094K [0x09950000, 0x0a400000, 0x14400000)
   the space 10944K,   9% used [0x09950000, 0x09a61800, 0x09a61800, 0x0a400000)
 Metaspace       used 1256K, capacity 3118K, committed 3136K, reserved 4480K
}

