# JRE version: Java(TM) SE Runtime Environment (8.0_131-b11) (build 1.8.0_131-b11)
# Java VM: Java HotSpot(TM) Client VM (25.131-b11 mixed mode, sharing windows-x86 )
Heap:
 def new generation   total 4928K, used 559K [0x04c00000, 0x05150000, 0x0a150000)
  eden space 4416K,  11% used [0x04c00000, 0x04c80b88, 0x05050000)
  from space 512K,   8% used [0x050d0000, 0x050db128, 0x05150000)
  to   space 512K,   0% used [0x05050000, 0x05050000, 0x050d0000)
 tenured generation   total 10944K, used 1041K [0x0a150000, 0x0ac00000, 0x14c00000)
   the space 10944K,   9% used [0x0a150000, 0x0a2545a0, 0x0a254600, 0x0ac00000)
 Metaspace       used 1256K, capacity 3118K, committed 3136K, reserved 4480K
GC Heap History (10 events):
Event: 14.788 GC heap before
{Heap before GC invocations=18 (full 0):
 def new generation   total 4928K, used 4483K [0x04c00000, 0x05150000, 0x0a150000)
  eden space 4416K, 100% used [0x04c00000, 0x05050000, 0x05050000)
  from space 512K,  13% used [0x05050000, 0x05060d50, 0x050d0000)
  to   space 512K,   0% used [0x050d0000, 0x050d0000, 0x05150000)
 tenured generation   total 10944K, used 1016K [0x0a150000, 0x0ac00000, 0x14c00000)
   the space 10944K,   9% used [0x0a150000, 0x0a24e360, 0x0a24e400, 0x0ac00000)
 Metaspace       used 1244K, capacity 3118K, committed 3136K, reserved 4480K
Event: 14.789 GC heap after
Heap after GC invocations=19 (full 0):
 def new generation   total 4928K, used 51K [0x04c00000, 0x05150000, 0x0a150000)
  eden space 4416K,   0% used [0x04c00000, 0x04c00000, 0x05050000)
  from space 512K,  10% used [0x050d0000, 0x050dcf60, 0x05150000)
  to   space 512K,   0% used [0x05050000, 0x05050000, 0x050d0000)
 tenured generation   total 10944K, used 1032K [0x0a150000, 0x0ac00000, 0x14c00000)
   the space 10944K,   9% used [0x0a150000, 0x0a252170, 0x0a252200, 0x0ac00000)
 Metaspace       used 1244K, capacity 3118K, committed 3136K, reserved 4480K
}
Event: 14.964 GC heap before
{Heap before GC invocations=19 (full 0):
 def new generation   total 4928K, used 4467K [0x04c00000, 0x05150000, 0x0a150000)
  eden space 4416K, 100% used [0x04c00000, 0x05050000, 0x05050000)
  from space 512K,  10% used [0x050d0000, 0x050dcf60, 0x05150000)
  to   space 512K,   0% used [0x05050000, 0x05050000, 0x050d0000)
 tenured generation   total 10944K, used 1032K [0x0a150000, 0x0ac00000, 0x14c00000)
   the space 10944K,   9% used [0x0a150000, 0x0a252170, 0x0a252200, 0x0ac00000)
 Metaspace       used 1244K, capacity 3118K, committed 3136K, reserved 4480K
Event: 14.965 GC heap after
Heap after GC invocations=20 (full 0):
 def new generation   total 4928K, used 49K [0x04c00000, 0x05150000, 0x0a150000)
  eden space 4416K,   0% used [0x04c00000, 0x04c00000, 0x05050000)
  from space 512K,   9% used [0x05050000, 0x0505c630, 0x050d0000)
  to   space 512K,   0% used [0x050d0000, 0x050d0000, 0x05150000)
 tenured generation   total 10944K, used 1034K [0x0a150000, 0x0ac00000, 0x14c00000)
   the space 10944K,   9% used [0x0a150000, 0x0a252b30, 0x0a252c00, 0x0ac00000)
 Metaspace       used 1244K, capacity 3118K, committed 3136K, reserved 4480K
}
Event: 15.142 GC heap before
{Heap before GC invocations=20 (full 0):
 def new generation   total 4928K, used 4465K [0x04c00000, 0x05150000, 0x0a150000)
  eden space 4416K, 100% used [0x04c00000, 0x05050000, 0x05050000)
  from space 512K,   9% used [0x05050000, 0x0505c630, 0x050d0000)
  to   space 512K,   0% used [0x050d0000, 0x050d0000, 0x05150000)
 tenured generation   total 10944K, used 1034K [0x0a150000, 0x0ac00000, 0x14c00000)
   the space 10944K,   9% used [0x0a150000, 0x0a252b30, 0x0a252c00, 0x0ac00000)
 Metaspace       used 1244K, capacity 3118K, committed 3136K, reserved 4480K
Event: 15.142 GC heap after
Heap after GC invocations=21 (full 0):
 def new generation   total 4928K, used 44K [0x04c00000, 0x05150000, 0x0a150000)
  eden space 4416K,   0% used [0x04c00000, 0x04c00000, 0x05050000)
  from space 512K,   8% used [0x050d0000, 0x050db300, 0x05150000)
  to   space 512K,   0% used [0x05050000, 0x05050000, 0x050d0000)
 tenured generation   total 10944K, used 1039K [0x0a150000, 0x0ac00000, 0x14c00000)
   the space 10944K,   9% used [0x0a150000, 0x0a253e20, 0x0a254000, 0x0ac00000)
 Metaspace       used 1244K, capacity 3118K, committed 3136K, reserved 4480K
}
Event: 15.316 GC heap before
{Heap before GC invocations=21 (full 0):
 def new generation   total 4928K, used 4460K [0x04c00000, 0x05150000, 0x0a150000)
  eden space 4416K, 100% used [0x04c00000, 0x05050000, 0x05050000)
  from space 512K,   8% used [0x050d0000, 0x050db300, 0x05150000)
  to   space 512K,   0% used [0x05050000, 0x05050000, 0x050d0000)
 tenured generation   total 10944K, used 1039K [0x0a150000, 0x0ac00000, 0x14c00000)
   the space 10944K,   9% used [0x0a150000, 0x0a253e20, 0x0a254000, 0x0ac00000)
 Metaspace       used 1244K, capacity 3118K, committed 3136K, reserved 4480K
Event: 15.317 GC heap after
Heap after GC invocations=22 (full 0):
 def new generation   total 4928K, used 43K [0x04c00000, 0x05150000, 0x0a150000)
  eden space 4416K,   0% used [0x04c00000, 0x04c00000, 0x05050000)
  from space 512K,   8% used [0x05050000, 0x0505aeb0, 0x050d0000)
  to   space 512K,   0% used [0x050d0000, 0x050d0000, 0x05150000)
 tenured generation   total 10944K, used 1040K [0x0a150000, 0x0ac00000, 0x14c00000)
   the space 10944K,   9% used [0x0a150000, 0x0a254280, 0x0a254400, 0x0ac00000)
 Metaspace       used 1244K, capacity 3118K, committed 3136K, reserved 4480K
}
Event: 36.154 GC heap before
{Heap before GC invocations=22 (full 0):
 def new generation   total 4928K, used 4459K [0x04c00000, 0x05150000, 0x0a150000)
  eden space 4416K, 100% used [0x04c00000, 0x05050000, 0x05050000)
  from space 512K,   8% used [0x05050000, 0x0505aeb0, 0x050d0000)
  to   space 512K,   0% used [0x050d0000, 0x050d0000, 0x05150000)
 tenured generation   total 10944K, used 1040K [0x0a150000, 0x0ac00000, 0x14c00000)
   the space 10944K,   9% used [0x0a150000, 0x0a254280, 0x0a254400, 0x0ac00000)
 Metaspace       used 1256K, capacity 3118K, committed 3136K, reserved 4480K
Event: 36.155 GC heap after
Heap after GC invocations=23 (full 0):
 def new generation   total 4928K, used 44K [0x04c00000, 0x05150000, 0x0a150000)
  eden space 4416K,   0% used [0x04c00000, 0x04c00000, 0x05050000)
  from space 512K,   8% used [0x050d0000, 0x050db128, 0x05150000)
  to   space 512K,   0% used [0x05050000, 0x05050000, 0x050d0000)
 tenured generation   total 10944K, used 1041K [0x0a150000, 0x0ac00000, 0x14c00000)
   the space 10944K,   9% used [0x0a150000, 0x0a2545a0, 0x0a254600, 0x0ac00000)
 Metaspace       used 1256K, capacity 3118K, committed 3136K, reserved 4480K
}

