# JRE version: Java(TM) SE Runtime Environment (8.0_131-b11) (build 1.8.0_131-b11)
# Java VM: Java HotSpot(TM) Client VM (25.131-b11 mixed mode, sharing windows-x86 )
Heap:
 def new generation   total 4928K, used 2308K [0x04c00000, 0x05150000, 0x0a150000)
  eden space 4416K,  52% used [0x04c00000, 0x04e40998, 0x05050000)
  from space 512K,   0% used [0x05050000, 0x05050670, 0x050d0000)
  to   space 512K,   0% used [0x050d0000, 0x050d0000, 0x05150000)
 tenured generation   total 10944K, used 1001K [0x0a150000, 0x0ac00000, 0x14c00000)
   the space 10944K,   9% used [0x0a150000, 0x0a24a728, 0x0a24a800, 0x0ac00000)
 Metaspace       used 1107K, capacity 3054K, committed 3136K, reserved 4480K
GC Heap History (10 events):
Event: 49.191 GC heap before
{Heap before GC invocations=167 (full 0):
 def new generation   total 4928K, used 4416K [0x04c00000, 0x05150000, 0x0a150000)
  eden space 4416K, 100% used [0x04c00000, 0x05050000, 0x05050000)
  from space 512K,   0% used [0x050d0000, 0x050d01e0, 0x05150000)
  to   space 512K,   0% used [0x05050000, 0x05050000, 0x050d0000)
 tenured generation   total 10944K, used 1001K [0x0a150000, 0x0ac00000, 0x14c00000)
   the space 10944K,   9% used [0x0a150000, 0x0a24a728, 0x0a24a800, 0x0ac00000)
 Metaspace       used 1106K, capacity 3054K, committed 3136K, reserved 4480K
Event: 49.192 GC heap after
Heap after GC invocations=168 (full 0):
 def new generation   total 4928K, used 0K [0x04c00000, 0x05150000, 0x0a150000)
  eden space 4416K,   0% used [0x04c00000, 0x04c00000, 0x05050000)
  from space 512K,   0% used [0x05050000, 0x05050150, 0x050d0000)
  to   space 512K,   0% used [0x050d0000, 0x050d0000, 0x05150000)
 tenured generation   total 10944K, used 1001K [0x0a150000, 0x0ac00000, 0x14c00000)
   the space 10944K,   9% used [0x0a150000, 0x0a24a728, 0x0a24a800, 0x0ac00000)
 Metaspace       used 1106K, capacity 3054K, committed 3136K, reserved 4480K
}
Event: 49.423 GC heap before
{Heap before GC invocations=168 (full 0):
 def new generation   total 4928K, used 4416K [0x04c00000, 0x05150000, 0x0a150000)
  eden space 4416K, 100% used [0x04c00000, 0x05050000, 0x05050000)
  from space 512K,   0% used [0x05050000, 0x05050150, 0x050d0000)
  to   space 512K,   0% used [0x050d0000, 0x050d0000, 0x05150000)
 tenured generation   total 10944K, used 1001K [0x0a150000, 0x0ac00000, 0x14c00000)
   the space 10944K,   9% used [0x0a150000, 0x0a24a728, 0x0a24a800, 0x0ac00000)
 Metaspace       used 1106K, capacity 3054K, committed 3136K, reserved 4480K
Event: 49.423 GC heap after
Heap after GC invocations=169 (full 0):
 def new generation   total 4928K, used 0K [0x04c00000, 0x05150000, 0x0a150000)
  eden space 4416K,   0% used [0x04c00000, 0x04c00000, 0x05050000)
  from space 512K,   0% used [0x050d0000, 0x050d0228, 0x05150000)
  to   space 512K,   0% used [0x05050000, 0x05050000, 0x050d0000)
 tenured generation   total 10944K, used 1001K [0x0a150000, 0x0ac00000, 0x14c00000)
   the space 10944K,   9% used [0x0a150000, 0x0a24a728, 0x0a24a800, 0x0ac00000)
 Metaspace       used 1106K, capacity 3054K, committed 3136K, reserved 4480K
}
Event: 49.659 GC heap before
{Heap before GC invocations=169 (full 0):
 def new generation   total 4928K, used 4416K [0x04c00000, 0x05150000, 0x0a150000)
  eden space 4416K, 100% used [0x04c00000, 0x05050000, 0x05050000)
  from space 512K,   0% used [0x050d0000, 0x050d0228, 0x05150000)
  to   space 512K,   0% used [0x05050000, 0x05050000, 0x050d0000)
 tenured generation   total 10944K, used 1001K [0x0a150000, 0x0ac00000, 0x14c00000)
   the space 10944K,   9% used [0x0a150000, 0x0a24a728, 0x0a24a800, 0x0ac00000)
 Metaspace       used 1106K, capacity 3054K, committed 3136K, reserved 4480K
Event: 49.660 GC heap after
Heap after GC invocations=170 (full 0):
 def new generation   total 4928K, used 0K [0x04c00000, 0x05150000, 0x0a150000)
  eden space 4416K,   0% used [0x04c00000, 0x04c00000, 0x05050000)
  from space 512K,   0% used [0x05050000, 0x050501b0, 0x050d0000)
  to   space 512K,   0% used [0x050d0000, 0x050d0000, 0x05150000)
 tenured generation   total 10944K, used 1001K [0x0a150000, 0x0ac00000, 0x14c00000)
   the space 10944K,   9% used [0x0a150000, 0x0a24a728, 0x0a24a800, 0x0ac00000)
 Metaspace       used 1106K, capacity 3054K, committed 3136K, reserved 4480K
}
Event: 49.880 GC heap before
{Heap before GC invocations=170 (full 0):
 def new generation   total 4928K, used 4416K [0x04c00000, 0x05150000, 0x0a150000)
  eden space 4416K, 100% used [0x04c00000, 0x05050000, 0x05050000)
  from space 512K,   0% used [0x05050000, 0x050501b0, 0x050d0000)
  to   space 512K,   0% used [0x050d0000, 0x050d0000, 0x05150000)
 tenured generation   total 10944K, used 1001K [0x0a150000, 0x0ac00000, 0x14c00000)
   the space 10944K,   9% used [0x0a150000, 0x0a24a728, 0x0a24a800, 0x0ac00000)
 Metaspace       used 1106K, capacity 3054K, committed 3136K, reserved 4480K
Event: 49.881 GC heap after
Heap after GC invocations=171 (full 0):
 def new generation   total 4928K, used 0K [0x04c00000, 0x05150000, 0x0a150000)
  eden space 4416K,   0% used [0x04c00000, 0x04c00000, 0x05050000)
  from space 512K,   0% used [0x050d0000, 0x050d0148, 0x05150000)
  to   space 512K,   0% used [0x05050000, 0x05050000, 0x050d0000)
 tenured generation   total 10944K, used 1001K [0x0a150000, 0x0ac00000, 0x14c00000)
   the space 10944K,   9% used [0x0a150000, 0x0a24a728, 0x0a24a800, 0x0ac00000)
 Metaspace       used 1106K, capacity 3054K, committed 3136K, reserved 4480K
}
Event: 466.555 GC heap before
{Heap before GC invocations=171 (full 0):
 def new generation   total 4928K, used 4416K [0x04c00000, 0x05150000, 0x0a150000)
  eden space 4416K, 100% used [0x04c00000, 0x05050000, 0x05050000)
  from space 512K,   0% used [0x050d0000, 0x050d0148, 0x05150000)
  to   space 512K,   0% used [0x05050000, 0x05050000, 0x050d0000)
 tenured generation   total 10944K, used 1001K [0x0a150000, 0x0ac00000, 0x14c00000)
   the space 10944K,   9% used [0x0a150000, 0x0a24a728, 0x0a24a800, 0x0ac00000)
 Metaspace       used 1107K, capacity 3054K, committed 3136K, reserved 4480K
Event: 466.556 GC heap after
Heap after GC invocations=172 (full 0):
 def new generation   total 4928K, used 1K [0x04c00000, 0x05150000, 0x0a150000)
  eden space 4416K,   0% used [0x04c00000, 0x04c00000, 0x05050000)
  from space 512K,   0% used [0x05050000, 0x05050670, 0x050d0000)
  to   space 512K,   0% used [0x050d0000, 0x050d0000, 0x05150000)
 tenured generation   total 10944K, used 1001K [0x0a150000, 0x0ac00000, 0x14c00000)
   the space 10944K,   9% used [0x0a150000, 0x0a24a728, 0x0a24a800, 0x0ac00000)
 Metaspace       used 1107K, capacity 3054K, committed 3136K, reserved 4480K
}

