# JRE version: Java(TM) SE Runtime Environment (8.0_131-b11) (build 1.8.0_131-b11)
# Java VM: Java HotSpot(TM) Client VM (25.131-b11 mixed mode, sharing windows-x86 )
Heap:
 def new generation   total 4928K, used 2484K [0x04c00000, 0x05150000, 0x0a150000)
  eden space 4416K,  55% used [0x04c00000, 0x04e67f10, 0x05050000)
  from space 512K,   4% used [0x05050000, 0x05055360, 0x050d0000)
  to   space 512K,   0% used [0x050d0000, 0x050d0000, 0x05150000)
 tenured generation   total 10944K, used 1091K [0x0a150000, 0x0ac00000, 0x14c00000)
   the space 10944K,   9% used [0x0a150000, 0x0a260ee0, 0x0a261000, 0x0ac00000)
 Metaspace       used 1263K, capacity 3118K, committed 3136K, reserved 4480K
GC Heap History (10 events):
Event: 19.382 GC heap before
{Heap before GC invocations=37 (full 0):
 def new generation   total 4928K, used 4419K [0x04c00000, 0x05150000, 0x0a150000)
  eden space 4416K, 100% used [0x04c00000, 0x05050000, 0x05050000)
  from space 512K,   0% used [0x050d0000, 0x050d0ee8, 0x05150000)
  to   space 512K,   0% used [0x05050000, 0x05050000, 0x050d0000)
 tenured generation   total 10944K, used 1088K [0x0a150000, 0x0ac00000, 0x14c00000)
   the space 10944K,   9% used [0x0a150000, 0x0a2603a0, 0x0a260400, 0x0ac00000)
 Metaspace       used 1251K, capacity 3118K, committed 3136K, reserved 4480K
Event: 19.383 GC heap after
Heap after GC invocations=38 (full 0):
 def new generation   total 4928K, used 3K [0x04c00000, 0x05150000, 0x0a150000)
  eden space 4416K,   0% used [0x04c00000, 0x04c00000, 0x05050000)
  from space 512K,   0% used [0x05050000, 0x05050ec8, 0x050d0000)
  to   space 512K,   0% used [0x050d0000, 0x050d0000, 0x05150000)
 tenured generation   total 10944K, used 1088K [0x0a150000, 0x0ac00000, 0x14c00000)
   the space 10944K,   9% used [0x0a150000, 0x0a2603f8, 0x0a260400, 0x0ac00000)
 Metaspace       used 1251K, capacity 3118K, committed 3136K, reserved 4480K
}
Event: 19.649 GC heap before
{Heap before GC invocations=38 (full 0):
 def new generation   total 4928K, used 4419K [0x04c00000, 0x05150000, 0x0a150000)
  eden space 4416K, 100% used [0x04c00000, 0x05050000, 0x05050000)
  from space 512K,   0% used [0x05050000, 0x05050ec8, 0x050d0000)
  to   space 512K,   0% used [0x050d0000, 0x050d0000, 0x05150000)
 tenured generation   total 10944K, used 1088K [0x0a150000, 0x0ac00000, 0x14c00000)
   the space 10944K,   9% used [0x0a150000, 0x0a2603f8, 0x0a260400, 0x0ac00000)
 Metaspace       used 1251K, capacity 3118K, committed 3136K, reserved 4480K
Event: 19.650 GC heap after
Heap after GC invocations=39 (full 0):
 def new generation   total 4928K, used 3K [0x04c00000, 0x05150000, 0x0a150000)
  eden space 4416K,   0% used [0x04c00000, 0x04c00000, 0x05050000)
  from space 512K,   0% used [0x050d0000, 0x050d0e60, 0x05150000)
  to   space 512K,   0% used [0x05050000, 0x05050000, 0x050d0000)
 tenured generation   total 10944K, used 1089K [0x0a150000, 0x0ac00000, 0x14c00000)
   the space 10944K,   9% used [0x0a150000, 0x0a260458, 0x0a260600, 0x0ac00000)
 Metaspace       used 1251K, capacity 3118K, committed 3136K, reserved 4480K
}
Event: 19.905 GC heap before
{Heap before GC invocations=39 (full 0):
 def new generation   total 4928K, used 4419K [0x04c00000, 0x05150000, 0x0a150000)
  eden space 4416K, 100% used [0x04c00000, 0x05050000, 0x05050000)
  from space 512K,   0% used [0x050d0000, 0x050d0e60, 0x05150000)
  to   space 512K,   0% used [0x05050000, 0x05050000, 0x050d0000)
 tenured generation   total 10944K, used 1089K [0x0a150000, 0x0ac00000, 0x14c00000)
   the space 10944K,   9% used [0x0a150000, 0x0a260458, 0x0a260600, 0x0ac00000)
 Metaspace       used 1251K, capacity 3118K, committed 3136K, reserved 4480K
Event: 19.906 GC heap after
Heap after GC invocations=40 (full 0):
 def new generation   total 4928K, used 2K [0x04c00000, 0x05150000, 0x0a150000)
  eden space 4416K,   0% used [0x04c00000, 0x04c00000, 0x05050000)
  from space 512K,   0% used [0x05050000, 0x05050888, 0x050d0000)
  to   space 512K,   0% used [0x050d0000, 0x050d0000, 0x05150000)
 tenured generation   total 10944K, used 1090K [0x0a150000, 0x0ac00000, 0x14c00000)
   the space 10944K,   9% used [0x0a150000, 0x0a260a18, 0x0a260c00, 0x0ac00000)
 Metaspace       used 1251K, capacity 3118K, committed 3136K, reserved 4480K
}
Event: 184.920 GC heap before
{Heap before GC invocations=40 (full 0):
 def new generation   total 4928K, used 4418K [0x04c00000, 0x05150000, 0x0a150000)
  eden space 4416K, 100% used [0x04c00000, 0x05050000, 0x05050000)
  from space 512K,   0% used [0x05050000, 0x05050888, 0x050d0000)
  to   space 512K,   0% used [0x050d0000, 0x050d0000, 0x05150000)
 tenured generation   total 10944K, used 1090K [0x0a150000, 0x0ac00000, 0x14c00000)
   the space 10944K,   9% used [0x0a150000, 0x0a260a18, 0x0a260c00, 0x0ac00000)
 Metaspace       used 1263K, capacity 3118K, committed 3136K, reserved 4480K
Event: 184.921 GC heap after
Heap after GC invocations=41 (full 0):
 def new generation   total 4928K, used 2K [0x04c00000, 0x05150000, 0x0a150000)
  eden space 4416K,   0% used [0x04c00000, 0x04c00000, 0x05050000)
  from space 512K,   0% used [0x050d0000, 0x050d0a98, 0x05150000)
  to   space 512K,   0% used [0x05050000, 0x05050000, 0x050d0000)
 tenured generation   total 10944K, used 1091K [0x0a150000, 0x0ac00000, 0x14c00000)
   the space 10944K,   9% used [0x0a150000, 0x0a260ee0, 0x0a261000, 0x0ac00000)
 Metaspace       used 1263K, capacity 3118K, committed 3136K, reserved 4480K
}
Event: 230.299 GC heap before
{Heap before GC invocations=41 (full 0):
 def new generation   total 4928K, used 4418K [0x04c00000, 0x05150000, 0x0a150000)
  eden space 4416K, 100% used [0x04c00000, 0x05050000, 0x05050000)
  from space 512K,   0% used [0x050d0000, 0x050d0a98, 0x05150000)
  to   space 512K,   0% used [0x05050000, 0x05050000, 0x050d0000)
 tenured generation   total 10944K, used 1091K [0x0a150000, 0x0ac00000, 0x14c00000)
   the space 10944K,   9% used [0x0a150000, 0x0a260ee0, 0x0a261000, 0x0ac00000)
 Metaspace       used 1263K, capacity 3118K, committed 3136K, reserved 4480K
Event: 230.300 GC heap after
Heap after GC invocations=42 (full 0):
 def new generation   total 4928K, used 20K [0x04c00000, 0x05150000, 0x0a150000)
  eden space 4416K,   0% used [0x04c00000, 0x04c00000, 0x05050000)
  from space 512K,   4% used [0x05050000, 0x05055360, 0x050d0000)
  to   space 512K,   0% used [0x050d0000, 0x050d0000, 0x05150000)
 tenured generation   total 10944K, used 1091K [0x0a150000, 0x0ac00000, 0x14c00000)
   the space 10944K,   9% used [0x0a150000, 0x0a260ee0, 0x0a261000, 0x0ac00000)
 Metaspace       used 1263K, capacity 3118K, committed 3136K, reserved 4480K
}

