# JRE version: Java(TM) SE Runtime Environment (8.0_131-b11) (build 1.8.0_131-b11)
# Java VM: Java HotSpot(TM) Client VM (25.131-b11 mixed mode, sharing windows-x86 )
Heap:
 def new generation   total 4928K, used 1804K [0x05000000, 0x05550000, 0x0a550000)
  eden space 4416K,  40% used [0x05000000, 0x051bdcf0, 0x05450000)
  from space 512K,   4% used [0x05450000, 0x054556b0, 0x054d0000)
  to   space 512K,   0% used [0x054d0000, 0x054d0000, 0x05550000)
 tenured generation   total 10944K, used 1083K [0x0a550000, 0x0b000000, 0x15000000)
   the space 10944K,   9% used [0x0a550000, 0x0a65ec10, 0x0a65ee00, 0x0b000000)
 Metaspace       used 1256K, capacity 3118K, committed 3136K, reserved 4480K
GC Heap History (10 events):
Event: 13.982 GC heap before
{Heap before GC invocations=19 (full 0):
 def new generation   total 4928K, used 4452K [0x05000000, 0x05550000, 0x0a550000)
  eden space 4416K, 100% used [0x05000000, 0x05450000, 0x05450000)
  from space 512K,   7% used [0x054d0000, 0x054d9200, 0x05550000)
  to   space 512K,   0% used [0x05450000, 0x05450000, 0x054d0000)
 tenured generation   total 10944K, used 1068K [0x0a550000, 0x0b000000, 0x15000000)
   the space 10944K,   9% used [0x0a550000, 0x0a65b018, 0x0a65b200, 0x0b000000)
 Metaspace       used 1245K, capacity 3118K, committed 3136K, reserved 4480K
Event: 13.983 GC heap after
Heap after GC invocations=20 (full 0):
 def new generation   total 4928K, used 34K [0x05000000, 0x05550000, 0x0a550000)
  eden space 4416K,   0% used [0x05000000, 0x05000000, 0x05450000)
  from space 512K,   6% used [0x05450000, 0x054589b0, 0x054d0000)
  to   space 512K,   0% used [0x054d0000, 0x054d0000, 0x05550000)
 tenured generation   total 10944K, used 1070K [0x0a550000, 0x0b000000, 0x15000000)
   the space 10944K,   9% used [0x0a550000, 0x0a65b918, 0x0a65ba00, 0x0b000000)
 Metaspace       used 1245K, capacity 3118K, committed 3136K, reserved 4480K
}
Event: 14.180 GC heap before
{Heap before GC invocations=20 (full 0):
 def new generation   total 4928K, used 4450K [0x05000000, 0x05550000, 0x0a550000)
  eden space 4416K, 100% used [0x05000000, 0x05450000, 0x05450000)
  from space 512K,   6% used [0x05450000, 0x054589b0, 0x054d0000)
  to   space 512K,   0% used [0x054d0000, 0x054d0000, 0x05550000)
 tenured generation   total 10944K, used 1070K [0x0a550000, 0x0b000000, 0x15000000)
   the space 10944K,   9% used [0x0a550000, 0x0a65b918, 0x0a65ba00, 0x0b000000)
 Metaspace       used 1245K, capacity 3118K, committed 3136K, reserved 4480K
Event: 14.181 GC heap after
Heap after GC invocations=21 (full 0):
 def new generation   total 4928K, used 31K [0x05000000, 0x05550000, 0x0a550000)
  eden space 4416K,   0% used [0x05000000, 0x05000000, 0x05450000)
  from space 512K,   6% used [0x054d0000, 0x054d7f38, 0x05550000)
  to   space 512K,   0% used [0x05450000, 0x05450000, 0x054d0000)
 tenured generation   total 10944K, used 1072K [0x0a550000, 0x0b000000, 0x15000000)
   the space 10944K,   9% used [0x0a550000, 0x0a65c360, 0x0a65c400, 0x0b000000)
 Metaspace       used 1245K, capacity 3118K, committed 3136K, reserved 4480K
}
Event: 14.497 GC heap before
{Heap before GC invocations=21 (full 0):
 def new generation   total 4928K, used 4447K [0x05000000, 0x05550000, 0x0a550000)
  eden space 4416K, 100% used [0x05000000, 0x05450000, 0x05450000)
  from space 512K,   6% used [0x054d0000, 0x054d7f38, 0x05550000)
  to   space 512K,   0% used [0x05450000, 0x05450000, 0x054d0000)
 tenured generation   total 10944K, used 1072K [0x0a550000, 0x0b000000, 0x15000000)
   the space 10944K,   9% used [0x0a550000, 0x0a65c360, 0x0a65c400, 0x0b000000)
 Metaspace       used 1245K, capacity 3118K, committed 3136K, reserved 4480K
Event: 14.498 GC heap after
Heap after GC invocations=22 (full 0):
 def new generation   total 4928K, used 26K [0x05000000, 0x05550000, 0x0a550000)
  eden space 4416K,   0% used [0x05000000, 0x05000000, 0x05450000)
  from space 512K,   5% used [0x05450000, 0x05456ab8, 0x054d0000)
  to   space 512K,   0% used [0x054d0000, 0x054d0000, 0x05550000)
 tenured generation   total 10944K, used 1077K [0x0a550000, 0x0b000000, 0x15000000)
   the space 10944K,   9% used [0x0a550000, 0x0a65d6b8, 0x0a65d800, 0x0b000000)
 Metaspace       used 1245K, capacity 3118K, committed 3136K, reserved 4480K
}
Event: 15.817 GC heap before
{Heap before GC invocations=22 (full 0):
 def new generation   total 4928K, used 4442K [0x05000000, 0x05550000, 0x0a550000)
  eden space 4416K, 100% used [0x05000000, 0x05450000, 0x05450000)
  from space 512K,   5% used [0x05450000, 0x05456ab8, 0x054d0000)
  to   space 512K,   0% used [0x054d0000, 0x054d0000, 0x05550000)
 tenured generation   total 10944K, used 1077K [0x0a550000, 0x0b000000, 0x15000000)
   the space 10944K,   9% used [0x0a550000, 0x0a65d6b8, 0x0a65d800, 0x0b000000)
 Metaspace       used 1245K, capacity 3118K, committed 3136K, reserved 4480K
Event: 15.818 GC heap after
Heap after GC invocations=23 (full 0):
 def new generation   total 4928K, used 23K [0x05000000, 0x05550000, 0x0a550000)
  eden space 4416K,   0% used [0x05000000, 0x05000000, 0x05450000)
  from space 512K,   4% used [0x054d0000, 0x054d5e20, 0x05550000)
  to   space 512K,   0% used [0x05450000, 0x05450000, 0x054d0000)
 tenured generation   total 10944K, used 1080K [0x0a550000, 0x0b000000, 0x15000000)
   the space 10944K,   9% used [0x0a550000, 0x0a65e3e8, 0x0a65e400, 0x0b000000)
 Metaspace       used 1245K, capacity 3118K, committed 3136K, reserved 4480K
}
Event: 17.042 GC heap before
{Heap before GC invocations=23 (full 0):
 def new generation   total 4928K, used 4439K [0x05000000, 0x05550000, 0x0a550000)
  eden space 4416K, 100% used [0x05000000, 0x05450000, 0x05450000)
  from space 512K,   4% used [0x054d0000, 0x054d5e20, 0x05550000)
  to   space 512K,   0% used [0x05450000, 0x05450000, 0x054d0000)
 tenured generation   total 10944K, used 1080K [0x0a550000, 0x0b000000, 0x15000000)
   the space 10944K,   9% used [0x0a550000, 0x0a65e3e8, 0x0a65e400, 0x0b000000)
 Metaspace       used 1245K, capacity 3118K, committed 3136K, reserved 4480K
Event: 17.043 GC heap after
Heap after GC invocations=24 (full 0):
 def new generation   total 4928K, used 21K [0x05000000, 0x05550000, 0x0a550000)
  eden space 4416K,   0% used [0x05000000, 0x05000000, 0x05450000)
  from space 512K,   4% used [0x05450000, 0x054556b0, 0x054d0000)
  to   space 512K,   0% used [0x054d0000, 0x054d0000, 0x05550000)
 tenured generation   total 10944K, used 1083K [0x0a550000, 0x0b000000, 0x15000000)
   the space 10944K,   9% used [0x0a550000, 0x0a65ec10, 0x0a65ee00, 0x0b000000)
 Metaspace       used 1245K, capacity 3118K, committed 3136K, reserved 4480K
}

