# JRE version: Java(TM) SE Runtime Environment (8.0_131-b11) (build 1.8.0_131-b11)
# Java VM: Java HotSpot(TM) Client VM (25.131-b11 mixed mode, sharing windows-x86 )
Heap:
 def new generation   total 4928K, used 4334K [0x04200000, 0x04750000, 0x09750000)
  eden space 4416K,  90% used [0x04200000, 0x045e76e0, 0x04650000)
  from space 512K,  65% used [0x04650000, 0x046a41e0, 0x046d0000)
  to   space 512K,   0% used [0x046d0000, 0x046d0000, 0x04750000)
 tenured generation   total 10944K, used 1369K [0x09750000, 0x0a200000, 0x14200000)
   the space 10944K,  12% used [0x09750000, 0x098a65d8, 0x098a6600, 0x0a200000)
 Metaspace       used 1340K, capacity 3214K, committed 3264K, reserved 4480K
GC Heap History (10 events):
Event: 14.901 GC heap before
{Heap before GC invocations=21 (full 0):
 def new generation   total 4928K, used 4444K [0x04200000, 0x04750000, 0x09750000)
  eden space 4416K, 100% used [0x04200000, 0x04650000, 0x04650000)
  from space 512K,   5% used [0x046d0000, 0x046d72d8, 0x04750000)
  to   space 512K,   0% used [0x04650000, 0x04650000, 0x046d0000)
 tenured generation   total 10944K, used 1358K [0x09750000, 0x0a200000, 0x14200000)
   the space 10944K,  12% used [0x09750000, 0x098a3898, 0x098a3a00, 0x0a200000)
 Metaspace       used 1329K, capacity 3214K, committed 3264K, reserved 4480K
Event: 14.902 GC heap after
Heap after GC invocations=22 (full 0):
 def new generation   total 4928K, used 31K [0x04200000, 0x04750000, 0x09750000)
  eden space 4416K,   0% used [0x04200000, 0x04200000, 0x04650000)
  from space 512K,   6% used [0x04650000, 0x04657eb0, 0x046d0000)
  to   space 512K,   0% used [0x046d0000, 0x046d0000, 0x04750000)
 tenured generation   total 10944K, used 1360K [0x09750000, 0x0a200000, 0x14200000)
   the space 10944K,  12% used [0x09750000, 0x098a4058, 0x098a4200, 0x0a200000)
 Metaspace       used 1329K, capacity 3214K, committed 3264K, reserved 4480K
}
Event: 15.275 GC heap before
{Heap before GC invocations=22 (full 0):
 def new generation   total 4928K, used 4447K [0x04200000, 0x04750000, 0x09750000)
  eden space 4416K, 100% used [0x04200000, 0x04650000, 0x04650000)
  from space 512K,   6% used [0x04650000, 0x04657eb0, 0x046d0000)
  to   space 512K,   0% used [0x046d0000, 0x046d0000, 0x04750000)
 tenured generation   total 10944K, used 1360K [0x09750000, 0x0a200000, 0x14200000)
   the space 10944K,  12% used [0x09750000, 0x098a4058, 0x098a4200, 0x0a200000)
 Metaspace       used 1329K, capacity 3214K, committed 3264K, reserved 4480K
Event: 15.276 GC heap after
Heap after GC invocations=23 (full 0):
 def new generation   total 4928K, used 32K [0x04200000, 0x04750000, 0x09750000)
  eden space 4416K,   0% used [0x04200000, 0x04200000, 0x04650000)
  from space 512K,   6% used [0x046d0000, 0x046d8168, 0x04750000)
  to   space 512K,   0% used [0x04650000, 0x04650000, 0x046d0000)
 tenured generation   total 10944K, used 1362K [0x09750000, 0x0a200000, 0x14200000)
   the space 10944K,  12% used [0x09750000, 0x098a4908, 0x098a4a00, 0x0a200000)
 Metaspace       used 1329K, capacity 3214K, committed 3264K, reserved 4480K
}
Event: 16.602 GC heap before
{Heap before GC invocations=23 (full 0):
 def new generation   total 4928K, used 4448K [0x04200000, 0x04750000, 0x09750000)
  eden space 4416K, 100% used [0x04200000, 0x04650000, 0x04650000)
  from space 512K,   6% used [0x046d0000, 0x046d8168, 0x04750000)
  to   space 512K,   0% used [0x04650000, 0x04650000, 0x046d0000)
 tenured generation   total 10944K, used 1362K [0x09750000, 0x0a200000, 0x14200000)
   the space 10944K,  12% used [0x09750000, 0x098a4908, 0x098a4a00, 0x0a200000)
 Metaspace       used 1329K, capacity 3214K, committed 3264K, reserved 4480K
Event: 16.603 GC heap after
Heap after GC invocations=24 (full 0):
 def new generation   total 4928K, used 30K [0x04200000, 0x04750000, 0x09750000)
  eden space 4416K,   0% used [0x04200000, 0x04200000, 0x04650000)
  from space 512K,   5% used [0x04650000, 0x046579f0, 0x046d0000)
  to   space 512K,   0% used [0x046d0000, 0x046d0000, 0x04750000)
 tenured generation   total 10944K, used 1364K [0x09750000, 0x0a200000, 0x14200000)
   the space 10944K,  12% used [0x09750000, 0x098a5158, 0x098a5200, 0x0a200000)
 Metaspace       used 1329K, capacity 3214K, committed 3264K, reserved 4480K
}
Event: 18.280 GC heap before
{Heap before GC invocations=24 (full 0):
 def new generation   total 4928K, used 4446K [0x04200000, 0x04750000, 0x09750000)
  eden space 4416K, 100% used [0x04200000, 0x04650000, 0x04650000)
  from space 512K,   5% used [0x04650000, 0x046579f0, 0x046d0000)
  to   space 512K,   0% used [0x046d0000, 0x046d0000, 0x04750000)
 tenured generation   total 10944K, used 1364K [0x09750000, 0x0a200000, 0x14200000)
   the space 10944K,  12% used [0x09750000, 0x098a5158, 0x098a5200, 0x0a200000)
 Metaspace       used 1329K, capacity 3214K, committed 3264K, reserved 4480K
Event: 18.282 GC heap after
Heap after GC invocations=25 (full 0):
 def new generation   total 4928K, used 28K [0x04200000, 0x04750000, 0x09750000)
  eden space 4416K,   0% used [0x04200000, 0x04200000, 0x04650000)
  from space 512K,   5% used [0x046d0000, 0x046d7218, 0x04750000)
  to   space 512K,   0% used [0x04650000, 0x04650000, 0x046d0000)
 tenured generation   total 10944K, used 1366K [0x09750000, 0x0a200000, 0x14200000)
   the space 10944K,  12% used [0x09750000, 0x098a59d0, 0x098a5a00, 0x0a200000)
 Metaspace       used 1329K, capacity 3214K, committed 3264K, reserved 4480K
}
Event: 31.550 GC heap before
{Heap before GC invocations=25 (full 0):
 def new generation   total 4928K, used 4444K [0x04200000, 0x04750000, 0x09750000)
  eden space 4416K, 100% used [0x04200000, 0x04650000, 0x04650000)
  from space 512K,   5% used [0x046d0000, 0x046d7218, 0x04750000)
  to   space 512K,   0% used [0x04650000, 0x04650000, 0x046d0000)
 tenured generation   total 10944K, used 1366K [0x09750000, 0x0a200000, 0x14200000)
   the space 10944K,  12% used [0x09750000, 0x098a59d0, 0x098a5a00, 0x0a200000)
 Metaspace       used 1340K, capacity 3214K, committed 3264K, reserved 4480K
Event: 31.552 GC heap after
Heap after GC invocations=26 (full 0):
 def new generation   total 4928K, used 336K [0x04200000, 0x04750000, 0x09750000)
  eden space 4416K,   0% used [0x04200000, 0x04200000, 0x04650000)
  from space 512K,  65% used [0x04650000, 0x046a41e0, 0x046d0000)
  to   space 512K,   0% used [0x046d0000, 0x046d0000, 0x04750000)
 tenured generation   total 10944K, used 1369K [0x09750000, 0x0a200000, 0x14200000)
   the space 10944K,  12% used [0x09750000, 0x098a65d8, 0x098a6600, 0x0a200000)
 Metaspace       used 1340K, capacity 3214K, committed 3264K, reserved 4480K
}

