# JRE version: Java(TM) SE Runtime Environment (8.0_131-b11) (build 1.8.0_131-b11)
# Java VM: Java HotSpot(TM) Client VM (25.131-b11 mixed mode, sharing windows-x86 )
Heap:
 def new generation   total 4928K, used 1394K [0x05200000, 0x05750000, 0x0a750000)
  eden space 4416K,  31% used [0x05200000, 0x05358b10, 0x05650000)
  from space 512K,   3% used [0x05650000, 0x05654040, 0x056d0000)
  to   space 512K,   0% used [0x056d0000, 0x056d0000, 0x05750000)
 tenured generation   total 10944K, used 1660K [0x0a750000, 0x0b200000, 0x15200000)
   the space 10944K,  15% used [0x0a750000, 0x0a8ef098, 0x0a8ef200, 0x0b200000)
 Metaspace       used 1294K, capacity 3214K, committed 3264K, reserved 4480K
GC Heap History (10 events):
Event: 31.202 GC heap before
{Heap before GC invocations=91 (full 0):
 def new generation   total 4928K, used 4417K [0x05200000, 0x05750000, 0x0a750000)
  eden space 4416K, 100% used [0x05200000, 0x05650000, 0x05650000)
  from space 512K,   0% used [0x056d0000, 0x056d0400, 0x05750000)
  to   space 512K,   0% used [0x05650000, 0x05650000, 0x056d0000)
 tenured generation   total 10944K, used 1363K [0x0a750000, 0x0b200000, 0x15200000)
   the space 10944K,  12% used [0x0a750000, 0x0a8a4f80, 0x0a8a5000, 0x0b200000)
 Metaspace       used 1282K, capacity 3214K, committed 3264K, reserved 4480K
Event: 31.203 GC heap after
Heap after GC invocations=92 (full 0):
 def new generation   total 4928K, used 0K [0x05200000, 0x05750000, 0x0a750000)
  eden space 4416K,   0% used [0x05200000, 0x05200000, 0x05650000)
  from space 512K,   0% used [0x05650000, 0x05650340, 0x056d0000)
  to   space 512K,   0% used [0x056d0000, 0x056d0000, 0x05750000)
 tenured generation   total 10944K, used 1363K [0x0a750000, 0x0b200000, 0x15200000)
   the space 10944K,  12% used [0x0a750000, 0x0a8a4f80, 0x0a8a5000, 0x0b200000)
 Metaspace       used 1282K, capacity 3214K, committed 3264K, reserved 4480K
}
Event: 32.480 GC heap before
{Heap before GC invocations=92 (full 0):
 def new generation   total 4928K, used 4416K [0x05200000, 0x05750000, 0x0a750000)
  eden space 4416K, 100% used [0x05200000, 0x05650000, 0x05650000)
  from space 512K,   0% used [0x05650000, 0x05650340, 0x056d0000)
  to   space 512K,   0% used [0x056d0000, 0x056d0000, 0x05750000)
 tenured generation   total 10944K, used 1363K [0x0a750000, 0x0b200000, 0x15200000)
   the space 10944K,  12% used [0x0a750000, 0x0a8a4f80, 0x0a8a5000, 0x0b200000)
 Metaspace       used 1293K, capacity 3214K, committed 3264K, reserved 4480K
Event: 32.481 GC heap after
Heap after GC invocations=93 (full 0):
 def new generation   total 4928K, used 26K [0x05200000, 0x05750000, 0x0a750000)
  eden space 4416K,   0% used [0x05200000, 0x05200000, 0x05650000)
  from space 512K,   5% used [0x056d0000, 0x056d68a0, 0x05750000)
  to   space 512K,   0% used [0x05650000, 0x05650000, 0x056d0000)
 tenured generation   total 10944K, used 1363K [0x0a750000, 0x0b200000, 0x15200000)
   the space 10944K,  12% used [0x0a750000, 0x0a8a4f80, 0x0a8a5000, 0x0b200000)
 Metaspace       used 1293K, capacity 3214K, committed 3264K, reserved 4480K
}
Event: 122.853 GC heap before
{Heap before GC invocations=93 (full 0):
 def new generation   total 4928K, used 4442K [0x05200000, 0x05750000, 0x0a750000)
  eden space 4416K, 100% used [0x05200000, 0x05650000, 0x05650000)
  from space 512K,   5% used [0x056d0000, 0x056d68a0, 0x05750000)
  to   space 512K,   0% used [0x05650000, 0x05650000, 0x056d0000)
 tenured generation   total 10944K, used 1363K [0x0a750000, 0x0b200000, 0x15200000)
   the space 10944K,  12% used [0x0a750000, 0x0a8a4f80, 0x0a8a5000, 0x0b200000)
 Metaspace       used 1294K, capacity 3214K, committed 3264K, reserved 4480K
Event: 122.855 GC heap after
Heap after GC invocations=94 (full 0):
 def new generation   total 4928K, used 2K [0x05200000, 0x05750000, 0x0a750000)
  eden space 4416K,   0% used [0x05200000, 0x05200000, 0x05650000)
  from space 512K,   0% used [0x05650000, 0x05650b70, 0x056d0000)
  to   space 512K,   0% used [0x056d0000, 0x056d0000, 0x05750000)
 tenured generation   total 10944K, used 1363K [0x0a750000, 0x0b200000, 0x15200000)
   the space 10944K,  12% used [0x0a750000, 0x0a8a4f80, 0x0a8a5000, 0x0b200000)
 Metaspace       used 1294K, capacity 3214K, committed 3264K, reserved 4480K
}
Event: 180.995 GC heap before
{Heap before GC invocations=94 (full 0):
 def new generation   total 4928K, used 4418K [0x05200000, 0x05750000, 0x0a750000)
  eden space 4416K, 100% used [0x05200000, 0x05650000, 0x05650000)
  from space 512K,   0% used [0x05650000, 0x05650b70, 0x056d0000)
  to   space 512K,   0% used [0x056d0000, 0x056d0000, 0x05750000)
 tenured generation   total 10944K, used 1363K [0x0a750000, 0x0b200000, 0x15200000)
   the space 10944K,  12% used [0x0a750000, 0x0a8a4f80, 0x0a8a5000, 0x0b200000)
 Metaspace       used 1294K, capacity 3214K, committed 3264K, reserved 4480K
Event: 180.997 GC heap after
Heap after GC invocations=95 (full 0):
 def new generation   total 4928K, used 296K [0x05200000, 0x05750000, 0x0a750000)
  eden space 4416K,   0% used [0x05200000, 0x05200000, 0x05650000)
  from space 512K,  57% used [0x056d0000, 0x0571a380, 0x05750000)
  to   space 512K,   0% used [0x05650000, 0x05650000, 0x056d0000)
 tenured generation   total 10944K, used 1363K [0x0a750000, 0x0b200000, 0x15200000)
   the space 10944K,  12% used [0x0a750000, 0x0a8a4f80, 0x0a8a5000, 0x0b200000)
 Metaspace       used 1294K, capacity 3214K, committed 3264K, reserved 4480K
}
Event: 181.010 GC heap before
{Heap before GC invocations=95 (full 0):
 def new generation   total 4928K, used 4712K [0x05200000, 0x05750000, 0x0a750000)
  eden space 4416K, 100% used [0x05200000, 0x05650000, 0x05650000)
  from space 512K,  57% used [0x056d0000, 0x0571a380, 0x05750000)
  to   space 512K,   0% used [0x05650000, 0x05650000, 0x056d0000)
 tenured generation   total 10944K, used 1363K [0x0a750000, 0x0b200000, 0x15200000)
   the space 10944K,  12% used [0x0a750000, 0x0a8a4f80, 0x0a8a5000, 0x0b200000)
 Metaspace       used 1294K, capacity 3214K, committed 3264K, reserved 4480K
Event: 181.013 GC heap after
Heap after GC invocations=96 (full 0):
 def new generation   total 4928K, used 16K [0x05200000, 0x05750000, 0x0a750000)
  eden space 4416K,   0% used [0x05200000, 0x05200000, 0x05650000)
  from space 512K,   3% used [0x05650000, 0x05654040, 0x056d0000)
  to   space 512K,   0% used [0x056d0000, 0x056d0000, 0x05750000)
 tenured generation   total 10944K, used 1660K [0x0a750000, 0x0b200000, 0x15200000)
   the space 10944K,  15% used [0x0a750000, 0x0a8ef098, 0x0a8ef200, 0x0b200000)
 Metaspace       used 1294K, capacity 3214K, committed 3264K, reserved 4480K
}

