# JRE version: Java(TM) SE Runtime Environment (8.0_131-b11) (build 1.8.0_131-b11)
# Java VM: Java HotSpot(TM) Client VM (25.131-b11 mixed mode, sharing windows-x86 )
Heap:
 def new generation   total 4928K, used 58K [0x04c00000, 0x05150000, 0x0a150000)
  eden space 4416K,   0% used [0x04c00000, 0x04c089e0, 0x05050000)
  from space 512K,   4% used [0x05050000, 0x05055e38, 0x050d0000)
  to   space 512K,   0% used [0x050d0000, 0x050d0000, 0x05150000)
 tenured generation   total 10944K, used 1069K [0x0a150000, 0x0ac00000, 0x14c00000)
   the space 10944K,   9% used [0x0a150000, 0x0a25b7b0, 0x0a25b800, 0x0ac00000)
 Metaspace       used 1256K, capacity 3118K, committed 3136K, reserved 4480K
GC Heap History (10 events):
Event: 13.086 GC heap before
{Heap before GC invocations=17 (full 0):
 def new generation   total 4928K, used 4528K [0x04c00000, 0x05150000, 0x0a150000)
  eden space 4416K, 100% used [0x04c00000, 0x05050000, 0x05050000)
  from space 512K,  21% used [0x050d0000, 0x050ec1f8, 0x05150000)
  to   space 512K,   0% used [0x05050000, 0x05050000, 0x050d0000)
 tenured generation   total 10944K, used 966K [0x0a150000, 0x0ac00000, 0x14c00000)
   the space 10944K,   8% used [0x0a150000, 0x0a241bf8, 0x0a241c00, 0x0ac00000)
 Metaspace       used 1244K, capacity 3118K, committed 3136K, reserved 4480K
Event: 13.088 GC heap after
Heap after GC invocations=18 (full 0):
 def new generation   total 4928K, used 72K [0x04c00000, 0x05150000, 0x0a150000)
  eden space 4416K,   0% used [0x04c00000, 0x04c00000, 0x05050000)
  from space 512K,  14% used [0x05050000, 0x05062130, 0x050d0000)
  to   space 512K,   0% used [0x050d0000, 0x050d0000, 0x05150000)
 tenured generation   total 10944K, used 1018K [0x0a150000, 0x0ac00000, 0x14c00000)
   the space 10944K,   9% used [0x0a150000, 0x0a24e890, 0x0a24ea00, 0x0ac00000)
 Metaspace       used 1244K, capacity 3118K, committed 3136K, reserved 4480K
}
Event: 13.358 GC heap before
{Heap before GC invocations=18 (full 0):
 def new generation   total 4928K, used 4488K [0x04c00000, 0x05150000, 0x0a150000)
  eden space 4416K, 100% used [0x04c00000, 0x05050000, 0x05050000)
  from space 512K,  14% used [0x05050000, 0x05062130, 0x050d0000)
  to   space 512K,   0% used [0x050d0000, 0x050d0000, 0x05150000)
 tenured generation   total 10944K, used 1018K [0x0a150000, 0x0ac00000, 0x14c00000)
   the space 10944K,   9% used [0x0a150000, 0x0a24e890, 0x0a24ea00, 0x0ac00000)
 Metaspace       used 1244K, capacity 3118K, committed 3136K, reserved 4480K
Event: 13.359 GC heap after
Heap after GC invocations=19 (full 0):
 def new generation   total 4928K, used 25K [0x04c00000, 0x05150000, 0x0a150000)
  eden space 4416K,   0% used [0x04c00000, 0x04c00000, 0x05050000)
  from space 512K,   5% used [0x050d0000, 0x050d66c0, 0x05150000)
  to   space 512K,   0% used [0x05050000, 0x05050000, 0x050d0000)
 tenured generation   total 10944K, used 1065K [0x0a150000, 0x0ac00000, 0x14c00000)
   the space 10944K,   9% used [0x0a150000, 0x0a25a688, 0x0a25a800, 0x0ac00000)
 Metaspace       used 1244K, capacity 3118K, committed 3136K, reserved 4480K
}
Event: 13.621 GC heap before
{Heap before GC invocations=19 (full 0):
 def new generation   total 4928K, used 4441K [0x04c00000, 0x05150000, 0x0a150000)
  eden space 4416K, 100% used [0x04c00000, 0x05050000, 0x05050000)
  from space 512K,   5% used [0x050d0000, 0x050d66c0, 0x05150000)
  to   space 512K,   0% used [0x05050000, 0x05050000, 0x050d0000)
 tenured generation   total 10944K, used 1065K [0x0a150000, 0x0ac00000, 0x14c00000)
   the space 10944K,   9% used [0x0a150000, 0x0a25a688, 0x0a25a800, 0x0ac00000)
 Metaspace       used 1244K, capacity 3118K, committed 3136K, reserved 4480K
Event: 13.622 GC heap after
Heap after GC invocations=20 (full 0):
 def new generation   total 4928K, used 25K [0x04c00000, 0x05150000, 0x0a150000)
  eden space 4416K,   0% used [0x04c00000, 0x04c00000, 0x05050000)
  from space 512K,   4% used [0x05050000, 0x050564c8, 0x050d0000)
  to   space 512K,   0% used [0x050d0000, 0x050d0000, 0x05150000)
 tenured generation   total 10944K, used 1066K [0x0a150000, 0x0ac00000, 0x14c00000)
   the space 10944K,   9% used [0x0a150000, 0x0a25a9d0, 0x0a25aa00, 0x0ac00000)
 Metaspace       used 1244K, capacity 3118K, committed 3136K, reserved 4480K
}
Event: 13.891 GC heap before
{Heap before GC invocations=20 (full 0):
 def new generation   total 4928K, used 4441K [0x04c00000, 0x05150000, 0x0a150000)
  eden space 4416K, 100% used [0x04c00000, 0x05050000, 0x05050000)
  from space 512K,   4% used [0x05050000, 0x050564c8, 0x050d0000)
  to   space 512K,   0% used [0x050d0000, 0x050d0000, 0x05150000)
 tenured generation   total 10944K, used 1066K [0x0a150000, 0x0ac00000, 0x14c00000)
   the space 10944K,   9% used [0x0a150000, 0x0a25a9d0, 0x0a25aa00, 0x0ac00000)
 Metaspace       used 1244K, capacity 3118K, committed 3136K, reserved 4480K
Event: 13.892 GC heap after
Heap after GC invocations=21 (full 0):
 def new generation   total 4928K, used 23K [0x04c00000, 0x05150000, 0x0a150000)
  eden space 4416K,   0% used [0x04c00000, 0x04c00000, 0x05050000)
  from space 512K,   4% used [0x050d0000, 0x050d5db0, 0x05150000)
  to   space 512K,   0% used [0x05050000, 0x05050000, 0x050d0000)
 tenured generation   total 10944K, used 1068K [0x0a150000, 0x0ac00000, 0x14c00000)
   the space 10944K,   9% used [0x0a150000, 0x0a25b1d8, 0x0a25b200, 0x0ac00000)
 Metaspace       used 1244K, capacity 3118K, committed 3136K, reserved 4480K
}
Event: 40.632 GC heap before
{Heap before GC invocations=21 (full 0):
 def new generation   total 4928K, used 4439K [0x04c00000, 0x05150000, 0x0a150000)
  eden space 4416K, 100% used [0x04c00000, 0x05050000, 0x05050000)
  from space 512K,   4% used [0x050d0000, 0x050d5db0, 0x05150000)
  to   space 512K,   0% used [0x05050000, 0x05050000, 0x050d0000)
 tenured generation   total 10944K, used 1068K [0x0a150000, 0x0ac00000, 0x14c00000)
   the space 10944K,   9% used [0x0a150000, 0x0a25b1d8, 0x0a25b200, 0x0ac00000)
 Metaspace       used 1256K, capacity 3118K, committed 3136K, reserved 4480K
Event: 40.633 GC heap after
Heap after GC invocations=22 (full 0):
 def new generation   total 4928K, used 23K [0x04c00000, 0x05150000, 0x0a150000)
  eden space 4416K,   0% used [0x04c00000, 0x04c00000, 0x05050000)
  from space 512K,   4% used [0x05050000, 0x05055e38, 0x050d0000)
  to   space 512K,   0% used [0x050d0000, 0x050d0000, 0x05150000)
 tenured generation   total 10944K, used 1069K [0x0a150000, 0x0ac00000, 0x14c00000)
   the space 10944K,   9% used [0x0a150000, 0x0a25b7b0, 0x0a25b800, 0x0ac00000)
 Metaspace       used 1256K, capacity 3118K, committed 3136K, reserved 4480K
}

