# JRE version: Java(TM) SE Runtime Environment (8.0_131-b11) (build 1.8.0_131-b11)
# Java VM: Java HotSpot(TM) Client VM (25.131-b11 mixed mode, sharing windows-x86 )
Heap:
 def new generation   total 4928K, used 389K [0x04200000, 0x04750000, 0x09750000)
  eden space 4416K,   7% used [0x04200000, 0x0424ebc8, 0x04650000)
  from space 512K,  14% used [0x04650000, 0x04662b90, 0x046d0000)
  to   space 512K,   0% used [0x046d0000, 0x046d0000, 0x04750000)
 tenured generation   total 10944K, used 4267K [0x09750000, 0x0a200000, 0x14200000)
   the space 10944K,  38% used [0x09750000, 0x09b7af68, 0x09b7b000, 0x0a200000)
 Metaspace       used 1350K, capacity 3214K, committed 3264K, reserved 4480K
GC Heap History (10 events):
Event: 188.415 GC heap before
{Heap before GC invocations=425 (full 0):
 def new generation   total 4928K, used 4466K [0x04200000, 0x04750000, 0x09750000)
  eden space 4416K, 100% used [0x04200000, 0x04650000, 0x04650000)
  from space 512K,   9% used [0x046d0000, 0x046dc860, 0x04750000)
  to   space 512K,   0% used [0x04650000, 0x04650000, 0x046d0000)
 tenured generation   total 10944K, used 4267K [0x09750000, 0x0a200000, 0x14200000)
   the space 10944K,  38% used [0x09750000, 0x09b7af68, 0x09b7b000, 0x0a200000)
 Metaspace       used 1349K, capacity 3214K, committed 3264K, reserved 4480K
Event: 188.417 GC heap after
Heap after GC invocations=426 (full 0):
 def new generation   total 4928K, used 53K [0x04200000, 0x04750000, 0x09750000)
  eden space 4416K,   0% used [0x04200000, 0x04200000, 0x04650000)
  from space 512K,  10% used [0x04650000, 0x0465d610, 0x046d0000)
  to   space 512K,   0% used [0x046d0000, 0x046d0000, 0x04750000)
 tenured generation   total 10944K, used 4267K [0x09750000, 0x0a200000, 0x14200000)
   the space 10944K,  38% used [0x09750000, 0x09b7af68, 0x09b7b000, 0x0a200000)
 Metaspace       used 1349K, capacity 3214K, committed 3264K, reserved 4480K
}
Event: 188.882 GC heap before
{Heap before GC invocations=426 (full 0):
 def new generation   total 4928K, used 4469K [0x04200000, 0x04750000, 0x09750000)
  eden space 4416K, 100% used [0x04200000, 0x04650000, 0x04650000)
  from space 512K,  10% used [0x04650000, 0x0465d610, 0x046d0000)
  to   space 512K,   0% used [0x046d0000, 0x046d0000, 0x04750000)
 tenured generation   total 10944K, used 4267K [0x09750000, 0x0a200000, 0x14200000)
   the space 10944K,  38% used [0x09750000, 0x09b7af68, 0x09b7b000, 0x0a200000)
 Metaspace       used 1349K, capacity 3214K, committed 3264K, reserved 4480K
Event: 188.884 GC heap after
Heap after GC invocations=427 (full 0):
 def new generation   total 4928K, used 60K [0x04200000, 0x04750000, 0x09750000)
  eden space 4416K,   0% used [0x04200000, 0x04200000, 0x04650000)
  from space 512K,  11% used [0x046d0000, 0x046df178, 0x04750000)
  to   space 512K,   0% used [0x04650000, 0x04650000, 0x046d0000)
 tenured generation   total 10944K, used 4267K [0x09750000, 0x0a200000, 0x14200000)
   the space 10944K,  38% used [0x09750000, 0x09b7af68, 0x09b7b000, 0x0a200000)
 Metaspace       used 1349K, capacity 3214K, committed 3264K, reserved 4480K
}
Event: 189.378 GC heap before
{Heap before GC invocations=427 (full 0):
 def new generation   total 4928K, used 4476K [0x04200000, 0x04750000, 0x09750000)
  eden space 4416K, 100% used [0x04200000, 0x04650000, 0x04650000)
  from space 512K,  11% used [0x046d0000, 0x046df178, 0x04750000)
  to   space 512K,   0% used [0x04650000, 0x04650000, 0x046d0000)
 tenured generation   total 10944K, used 4267K [0x09750000, 0x0a200000, 0x14200000)
   the space 10944K,  38% used [0x09750000, 0x09b7af68, 0x09b7b000, 0x0a200000)
 Metaspace       used 1349K, capacity 3214K, committed 3264K, reserved 4480K
Event: 189.380 GC heap after
Heap after GC invocations=428 (full 0):
 def new generation   total 4928K, used 66K [0x04200000, 0x04750000, 0x09750000)
  eden space 4416K,   0% used [0x04200000, 0x04200000, 0x04650000)
  from space 512K,  13% used [0x04650000, 0x04660ae0, 0x046d0000)
  to   space 512K,   0% used [0x046d0000, 0x046d0000, 0x04750000)
 tenured generation   total 10944K, used 4267K [0x09750000, 0x0a200000, 0x14200000)
   the space 10944K,  38% used [0x09750000, 0x09b7af68, 0x09b7b000, 0x0a200000)
 Metaspace       used 1349K, capacity 3214K, committed 3264K, reserved 4480K
}
Event: 189.855 GC heap before
{Heap before GC invocations=428 (full 0):
 def new generation   total 4928K, used 4482K [0x04200000, 0x04750000, 0x09750000)
  eden space 4416K, 100% used [0x04200000, 0x04650000, 0x04650000)
  from space 512K,  13% used [0x04650000, 0x04660ae0, 0x046d0000)
  to   space 512K,   0% used [0x046d0000, 0x046d0000, 0x04750000)
 tenured generation   total 10944K, used 4267K [0x09750000, 0x0a200000, 0x14200000)
   the space 10944K,  38% used [0x09750000, 0x09b7af68, 0x09b7b000, 0x0a200000)
 Metaspace       used 1349K, capacity 3214K, committed 3264K, reserved 4480K
Event: 189.857 GC heap after
Heap after GC invocations=429 (full 0):
 def new generation   total 4928K, used 72K [0x04200000, 0x04750000, 0x09750000)
  eden space 4416K,   0% used [0x04200000, 0x04200000, 0x04650000)
  from space 512K,  14% used [0x046d0000, 0x046e2308, 0x04750000)
  to   space 512K,   0% used [0x04650000, 0x04650000, 0x046d0000)
 tenured generation   total 10944K, used 4267K [0x09750000, 0x0a200000, 0x14200000)
   the space 10944K,  38% used [0x09750000, 0x09b7af68, 0x09b7b000, 0x0a200000)
 Metaspace       used 1349K, capacity 3214K, committed 3264K, reserved 4480K
}
Event: 279.740 GC heap before
{Heap before GC invocations=429 (full 0):
 def new generation   total 4928K, used 4488K [0x04200000, 0x04750000, 0x09750000)
  eden space 4416K, 100% used [0x04200000, 0x04650000, 0x04650000)
  from space 512K,  14% used [0x046d0000, 0x046e2308, 0x04750000)
  to   space 512K,   0% used [0x04650000, 0x04650000, 0x046d0000)
 tenured generation   total 10944K, used 4267K [0x09750000, 0x0a200000, 0x14200000)
   the space 10944K,  38% used [0x09750000, 0x09b7af68, 0x09b7b000, 0x0a200000)
 Metaspace       used 1350K, capacity 3214K, committed 3264K, reserved 4480K
Event: 279.743 GC heap after
Heap after GC invocations=430 (full 0):
 def new generation   total 4928K, used 74K [0x04200000, 0x04750000, 0x09750000)
  eden space 4416K,   0% used [0x04200000, 0x04200000, 0x04650000)
  from space 512K,  14% used [0x04650000, 0x04662b90, 0x046d0000)
  to   space 512K,   0% used [0x046d0000, 0x046d0000, 0x04750000)
 tenured generation   total 10944K, used 4267K [0x09750000, 0x0a200000, 0x14200000)
   the space 10944K,  38% used [0x09750000, 0x09b7af68, 0x09b7b000, 0x0a200000)
 Metaspace       used 1350K, capacity 3214K, committed 3264K, reserved 4480K
}

